<testsuites id="" name="" tests="3" failures="1" skipped="0" errors="0" time="109.639854">
<testsuite name="smartFilter\aggrid.spec.ts" timestamp="2025-01-19T20:26:14.870Z" hostname="chromium" tests="3" failures="1" skipped="0" time="32.991" errors="0">
<testcase name="Enetering filter values in smart filter automatically filters ag-grid-smartfilteraggrid" classname="smartFilter\aggrid.spec.ts" time="13.509">
</testcase>
<testcase name="Enetering sort fields in smart filter automatically sorts ag-grid-smartfilteraggrid" classname="smartFilter\aggrid.spec.ts" time="7.906">
</testcase>
<testcase name="Sorting and filtering ag-grid-smartfilteraggrid" classname="smartFilter\aggrid.spec.ts" time="11.576">
<failure message="aggrid.spec.ts:55:3 Sorting and filtering ag-grid-smartfilteraggrid" type="FAILURE">
<![CDATA[  [chromium] › smartFilter\aggrid.spec.ts:55:3 › Sorting and filtering ag-grid-smartfilteraggrid ───

    Error: A snapshot doesn't exist at C:\Users\gregg\development\smart-filter\tests\visual\smartFilter\aggrid.spec.ts-snapshots\filter-bar-has-options-smartfilteraggrid-chromium-win32.png, writing actual.

      77 |
      78 |       await Then('ag-grid is updated', async () => {
    > 79 |         await expect(filterBar).toHaveScreenshot(`filter-bar-has-options-${view}.png`);
         |         ^
      80 |         await expect(agGrid).toHaveScreenshot(`ag-grid-sorted-and-filtered-${view}.png`);
      81 |       });
      82 |     }
        at C:\Users\gregg\development\smart-filter\tests\visual\smartFilter\aggrid.spec.ts:79:9
        at C:\Users\gregg\development\smart-filter\tests\visual\smartFilter\aggrid.spec.ts:78:7

    Error: A snapshot doesn't exist at C:\Users\gregg\development\smart-filter\tests\visual\smartFilter\aggrid.spec.ts-snapshots\ag-grid-sorted-and-filtered-smartfilteraggrid-chromium-win32.png, writing actual.

      78 |       await Then('ag-grid is updated', async () => {
      79 |         await expect(filterBar).toHaveScreenshot(`filter-bar-has-options-${view}.png`);
    > 80 |         await expect(agGrid).toHaveScreenshot(`ag-grid-sorted-and-filtered-${view}.png`);
         |         ^
      81 |       });
      82 |     }
      83 |   );
        at C:\Users\gregg\development\smart-filter\tests\visual\smartFilter\aggrid.spec.ts:80:9
        at C:\Users\gregg\development\smart-filter\tests\visual\smartFilter\aggrid.spec.ts:78:7

    attachment #1: filter-bar-has-options-smartfilteraggrid-expected.png (image/png) ───────────────
    tests\visual\smartFilter\aggrid.spec.ts-snapshots\filter-bar-has-options-smartfilteraggrid-chromium-win32.png
    ────────────────────────────────────────────────────────────────────────────────────────────────

    attachment #2: filter-bar-has-options-smartfilteraggrid-actual.png (image/png) ─────────────────
    test-results\smartFilter-aggrid-Sorting-9e4f4-g-ag-grid-smartfilteraggrid-chromium\filter-bar-has-options-smartfilteraggrid-actual.png
    ────────────────────────────────────────────────────────────────────────────────────────────────

    attachment #3: ag-grid-sorted-and-filtered-smartfilteraggrid-expected.png (image/png) ──────────
    tests\visual\smartFilter\aggrid.spec.ts-snapshots\ag-grid-sorted-and-filtered-smartfilteraggrid-chromium-win32.png
    ────────────────────────────────────────────────────────────────────────────────────────────────

    attachment #4: ag-grid-sorted-and-filtered-smartfilteraggrid-actual.png (image/png) ────────────
    test-results\smartFilter-aggrid-Sorting-9e4f4-g-ag-grid-smartfilteraggrid-chromium\ag-grid-sorted-and-filtered-smartfilteraggrid-actual.png
    ────────────────────────────────────────────────────────────────────────────────────────────────
]]>
</failure>
<system-out>
<![CDATA[
[[ATTACHMENT|..\tests\visual\smartFilter\aggrid.spec.ts-snapshots\filter-bar-has-options-smartfilteraggrid-chromium-win32.png]]

[[ATTACHMENT|..\test-results\smartFilter-aggrid-Sorting-9e4f4-g-ag-grid-smartfilteraggrid-chromium\filter-bar-has-options-smartfilteraggrid-actual.png]]

[[ATTACHMENT|..\tests\visual\smartFilter\aggrid.spec.ts-snapshots\ag-grid-sorted-and-filtered-smartfilteraggrid-chromium-win32.png]]

[[ATTACHMENT|..\test-results\smartFilter-aggrid-Sorting-9e4f4-g-ag-grid-smartfilteraggrid-chromium\ag-grid-sorted-and-filtered-smartfilteraggrid-actual.png]]
]]>
</system-out>
</testcase>
</testsuite>
</testsuites>