<testsuites id="" name="" tests="33" failures="4" skipped="0" errors="0" time="277.271572">
<testsuite name="smartFilter\basic.spec.ts" timestamp="2025-01-18T22:22:24.351Z" hostname="chromium" tests="9" failures="0" skipped="0" time="45.006" errors="0">
<testcase name="All icons are shown when enabled" classname="smartFilter\basic.spec.ts" time="4.674">
</testcase>
<testcase name="All icons are hidden when not enabled" classname="smartFilter\basic.spec.ts" time="3.839">
</testcase>
<testcase name="Filterbar has blue border when inner element has focus" classname="smartFilter\basic.spec.ts" time="4.244">
</testcase>
<testcase name="The expand icon is disabled when content too small" classname="smartFilter\basic.spec.ts" time="4.118">
</testcase>
<testcase name="The expand icon highlights when content is bigger than control area " classname="smartFilter\basic.spec.ts" time="6.916">
</testcase>
<testcase name="Clicking the expand extends the filter bar" classname="smartFilter\basic.spec.ts" time="7.404">
</testcase>
<testcase name="The clear button clears all content" classname="smartFilter\basic.spec.ts" time="4.751">
</testcase>
<testcase name="Filter bar is expanded when alarge size" classname="smartFilter\basic.spec.ts" time="4.964">
</testcase>
<testcase name="Filter bar is smaller when a compact size" classname="smartFilter\basic.spec.ts" time="4.096">
</testcase>
</testsuite>
<testsuite name="smartFilter\matchers.spec.ts" timestamp="2025-01-18T22:22:24.351Z" hostname="chromium" tests="12" failures="4" skipped="0" time="71.194" errors="0">
<testcase name="Strings are match to expressions matchers" classname="smartFilter\matchers.spec.ts" time="4.494">
</testcase>
<testcase name="Strings are match to lookup matchers" classname="smartFilter\matchers.spec.ts" time="6.027">
</testcase>
<testcase name="Strings are match to list matchers" classname="smartFilter\matchers.spec.ts" time="5.438">
<failure message="matchers.spec.ts:54:1 Strings are match to list matchers" type="FAILURE">
<![CDATA[  [chromium] › smartFilter\matchers.spec.ts:54:1 › Strings are match to list matchers ──────────────

    Error: A snapshot doesn't exist at C:\Users\gregg\development\smart-filter\tests\visual\smartFilter\matchers.spec.ts-snapshots\matched-list-pill-created-chromium-win32.png, writing actual.

      72 |
      73 |     await Then('a matching list pill is created', async () => {
    > 74 |       await expect(filterBar).toHaveScreenshot('matched-list-pill-created.png');
         |       ^
      75 |     })
      76 |   }
      77 | )
        at C:\Users\gregg\development\smart-filter\tests\visual\smartFilter\matchers.spec.ts:74:7
        at C:\Users\gregg\development\smart-filter\tests\visual\smartFilter\matchers.spec.ts:73:5

    attachment #1: matched-list-pill-created-expected.png (image/png) ──────────────────────────────
    tests\visual\smartFilter\matchers.spec.ts-snapshots\matched-list-pill-created-chromium-win32.png
    ────────────────────────────────────────────────────────────────────────────────────────────────

    attachment #2: matched-list-pill-created-actual.png (image/png) ────────────────────────────────
    test-results\smartFilter-matchers-Strings-are-match-to-list-matchers-chromium\matched-list-pill-created-actual.png
    ────────────────────────────────────────────────────────────────────────────────────────────────
]]>
</failure>
<system-out>
<![CDATA[
[[ATTACHMENT|..\tests\visual\smartFilter\matchers.spec.ts-snapshots\matched-list-pill-created-chromium-win32.png]]

[[ATTACHMENT|..\test-results\smartFilter-matchers-Strings-are-match-to-list-matchers-chromium\matched-list-pill-created-actual.png]]
]]>
</system-out>
</testcase>
<testcase name="Numbers are match to expressions matchers" classname="smartFilter\matchers.spec.ts" time="6.226">
</testcase>
<testcase name="Booleans are match to expressions matchers" classname="smartFilter\matchers.spec.ts" time="5.569">
</testcase>
<testcase name="stringDates are match to expressions matchers" classname="smartFilter\matchers.spec.ts" time="6.077">
</testcase>
<testcase name="Ranges can be manually entered" classname="smartFilter\matchers.spec.ts" time="4.811">
</testcase>
<testcase name="Ranges with no spaces can be manually entered" classname="smartFilter\matchers.spec.ts" time="6.332">
<failure message="matchers.spec.ts:179:1 Ranges with no spaces can be manually entered" type="FAILURE">
<![CDATA[  [chromium] › smartFilter\matchers.spec.ts:179:1 › Ranges with no spaces can be manually entered ──

    Error: A snapshot doesn't exist at C:\Users\gregg\development\smart-filter\tests\visual\smartFilter\matchers.spec.ts-snapshots\range-no-spaces-pill-created-chromium-win32.png, writing actual.

      197 |
      198 |     await Then('a range pill is created', async () => {
    > 199 |       await expect(filterBar).toHaveScreenshot('range-no-spaces-pill-created.png');
          |       ^
      200 |     });
      201 |   }
      202 | );
        at C:\Users\gregg\development\smart-filter\tests\visual\smartFilter\matchers.spec.ts:199:7
        at C:\Users\gregg\development\smart-filter\tests\visual\smartFilter\matchers.spec.ts:198:5

    attachment #1: range-no-spaces-pill-created-expected.png (image/png) ───────────────────────────
    tests\visual\smartFilter\matchers.spec.ts-snapshots\range-no-spaces-pill-created-chromium-win32.png
    ────────────────────────────────────────────────────────────────────────────────────────────────

    attachment #2: range-no-spaces-pill-created-actual.png (image/png) ─────────────────────────────
    test-results\smartFilter-matchers-Range-11752-ces-can-be-manually-entered-chromium\range-no-spaces-pill-created-actual.png
    ────────────────────────────────────────────────────────────────────────────────────────────────
]]>
</failure>
<system-out>
<![CDATA[
[[ATTACHMENT|..\tests\visual\smartFilter\matchers.spec.ts-snapshots\range-no-spaces-pill-created-chromium-win32.png]]

[[ATTACHMENT|..\test-results\smartFilter-matchers-Range-11752-ces-can-be-manually-entered-chromium\range-no-spaces-pill-created-actual.png]]
]]>
</system-out>
</testcase>
<testcase name="Lists can be manually entered" classname="smartFilter\matchers.spec.ts" time="6.711">
<failure message="matchers.spec.ts:204:1 Lists can be manually entered" type="FAILURE">
<![CDATA[  [chromium] › smartFilter\matchers.spec.ts:204:1 › Lists can be manually entered ──────────────────

    Error: A snapshot doesn't exist at C:\Users\gregg\development\smart-filter\tests\visual\smartFilter\matchers.spec.ts-snapshots\list-pill-created-chromium-win32.png, writing actual.

      223 |
      224 |     await Then('a list pill is created', async () => {
    > 225 |       await expect(filterBar).toHaveScreenshot('list-pill-created.png');
          |       ^
      226 |     })
      227 |   }
      228 | )
        at C:\Users\gregg\development\smart-filter\tests\visual\smartFilter\matchers.spec.ts:225:7
        at C:\Users\gregg\development\smart-filter\tests\visual\smartFilter\matchers.spec.ts:224:5

    attachment #1: list-pill-created-expected.png (image/png) ──────────────────────────────────────
    tests\visual\smartFilter\matchers.spec.ts-snapshots\list-pill-created-chromium-win32.png
    ────────────────────────────────────────────────────────────────────────────────────────────────

    attachment #2: list-pill-created-actual.png (image/png) ────────────────────────────────────────
    test-results\smartFilter-matchers-Lists-can-be-manually-entered-chromium\list-pill-created-actual.png
    ────────────────────────────────────────────────────────────────────────────────────────────────
]]>
</failure>
<system-out>
<![CDATA[
[[ATTACHMENT|..\tests\visual\smartFilter\matchers.spec.ts-snapshots\list-pill-created-chromium-win32.png]]

[[ATTACHMENT|..\test-results\smartFilter-matchers-Lists-can-be-manually-entered-chromium\list-pill-created-actual.png]]
]]>
</system-out>
</testcase>
<testcase name="Comparisons can be entered alongside values" classname="smartFilter\matchers.spec.ts" time="5.499">
</testcase>
<testcase name="Operators and comparisons can be entered alongside values" classname="smartFilter\matchers.spec.ts" time="7.017">
</testcase>
<testcase name="Operators, fields and comparisons can be entered alongside values" classname="smartFilter\matchers.spec.ts" time="6.993">
<failure message="matchers.spec.ts:283:1 Operators, fields and comparisons can be entered alongside values" type="FAILURE">
<![CDATA[  [chromium] › smartFilter\matchers.spec.ts:283:1 › Operators, fields and comparisons can be entered alongside values 

    Error: A snapshot doesn't exist at C:\Users\gregg\development\smart-filter\tests\visual\smartFilter\matchers.spec.ts-snapshots\operator-field-value-comparison-pill-created-chromium-win32.png, writing actual.

      302 |
      303 |     await Then('a matching pill with a value and comaprison is created', async () => {
    > 304 |       await expect(filterBar).toHaveScreenshot('operator-field-value-comparison-pill-created.png');
          |       ^
      305 |     })
      306 |   }
      307 | )
        at C:\Users\gregg\development\smart-filter\tests\visual\smartFilter\matchers.spec.ts:304:7
        at C:\Users\gregg\development\smart-filter\tests\visual\smartFilter\matchers.spec.ts:303:5

    attachment #1: operator-field-value-comparison-pill-created-expected.png (image/png) ───────────
    tests\visual\smartFilter\matchers.spec.ts-snapshots\operator-field-value-comparison-pill-created-chromium-win32.png
    ────────────────────────────────────────────────────────────────────────────────────────────────

    attachment #2: operator-field-value-comparison-pill-created-actual.png (image/png) ─────────────
    test-results\smartFilter-matchers-Opera-04102-be-entered-alongside-values-chromium\operator-field-value-comparison-pill-created-actual.png
    ────────────────────────────────────────────────────────────────────────────────────────────────
]]>
</failure>
<system-out>
<![CDATA[
[[ATTACHMENT|..\tests\visual\smartFilter\matchers.spec.ts-snapshots\operator-field-value-comparison-pill-created-chromium-win32.png]]

[[ATTACHMENT|..\test-results\smartFilter-matchers-Opera-04102-be-entered-alongside-values-chromium\operator-field-value-comparison-pill-created-actual.png]]
]]>
</system-out>
</testcase>
</testsuite>
<testsuite name="smartFilter\suggestions.spec.ts" timestamp="2025-01-18T22:22:24.351Z" hostname="chromium" tests="12" failures="0" skipped="0" time="67.252" errors="0">
<testcase name="Dropdown suggestions are shown when mouse over" classname="smartFilter\suggestions.spec.ts" time="8.032">
</testcase>
<testcase name="A pill is created when a field option is clicked" classname="smartFilter\suggestions.spec.ts" time="6.211">
</testcase>
<testcase name="A pill is created when a sort option is clicked" classname="smartFilter\suggestions.spec.ts" time="6.58">
</testcase>
<testcase name="Brackets pills are created when brackets are selected" classname="smartFilter\suggestions.spec.ts" time="5.746">
</testcase>
<testcase name="Suggestions change when a pill is selected" classname="smartFilter\suggestions.spec.ts" time="5.34">
</testcase>
<testcase name="Selecting an operator applies the operator to the pill" classname="smartFilter\suggestions.spec.ts" time="6.936">
</testcase>
<testcase name="Selecting empty removes the pills value" classname="smartFilter\suggestions.spec.ts" time="4.331">
</testcase>
<testcase name="Selecting list turns the pills into a list" classname="smartFilter\suggestions.spec.ts" time="5.202">
</testcase>
<testcase name="Selecting range turns the pills into a range" classname="smartFilter\suggestions.spec.ts" time="5.664">
</testcase>
<testcase name="Selecting &apos;or&apos; adds the or operator" classname="smartFilter\suggestions.spec.ts" time="5.366">
</testcase>
<testcase name="Selecting group shows all group hints" classname="smartFilter\suggestions.spec.ts" time="3.978">
</testcase>
<testcase name="Selecting a hint creates a pill" classname="smartFilter\suggestions.spec.ts" time="3.866">
</testcase>
</testsuite>
</testsuites>