<testsuites id="" name="" tests="121" failures="0" skipped="0" errors="0" time="53.514084">
<testsuite name="smartFilter\aggrid.spec.ts" timestamp="2025-01-26T10:04:12.835Z" hostname="chromium" tests="3" failures="0" skipped="0" time="12.773" errors="0">
<testcase name="Enetering filter values in smart filter automatically filters ag-grid-smartfilteraggrid" classname="smartFilter\aggrid.spec.ts" time="2.312">
</testcase>
<testcase name="Enetering sort fields in smart filter automatically sorts ag-grid-smartfilteraggrid" classname="smartFilter\aggrid.spec.ts" time="2.174">
</testcase>
<testcase name="Sorting and filtering ag-grid-smartfilteraggrid" classname="smartFilter\aggrid.spec.ts" time="8.287">
</testcase>
</testsuite>
<testsuite name="smartFilter\arrays.spec.ts" timestamp="2025-01-26T10:04:12.835Z" hostname="chromium" tests="4" failures="0" skipped="0" time="13.742" errors="0">
<testcase name="Editing an array shows all elements in the array" classname="smartFilter\arrays.spec.ts" time="7.582">
</testcase>
<testcase name="New elements can be add to the array" classname="smartFilter\arrays.spec.ts" time="1.686">
</testcase>
<testcase name="Elements can be removed from the array" classname="smartFilter\arrays.spec.ts" time="2.424">
</testcase>
<testcase name="Array items can be edited" classname="smartFilter\arrays.spec.ts" time="2.05">
</testcase>
</testsuite>
<testsuite name="smartFilter\basic.spec.ts" timestamp="2025-01-26T10:04:12.835Z" hostname="chromium" tests="18" failures="0" skipped="0" time="33.594" errors="0">
<testcase name="All icons are shown when enabled-smartfilter" classname="smartFilter\basic.spec.ts" time="1.321">
</testcase>
<testcase name="All icons are hidden when not enabled-smartfilter" classname="smartFilter\basic.spec.ts" time="1.273">
</testcase>
<testcase name="Filterbar has blue border when inner element has focus-smartfilter" classname="smartFilter\basic.spec.ts" time="1.262">
</testcase>
<testcase name="The expand icon is disabled when content too small-smartfilter" classname="smartFilter\basic.spec.ts" time="1.463">
</testcase>
<testcase name="The expand icon highlights when content is bigger than control area-smartfilter" classname="smartFilter\basic.spec.ts" time="2.053">
</testcase>
<testcase name="Clicking the expand icon extends the filter bar-smartfilter" classname="smartFilter\basic.spec.ts" time="2.911">
</testcase>
<testcase name="The clear button clears all content-smartfilter" classname="smartFilter\basic.spec.ts" time="1.999">
</testcase>
<testcase name="Filter bar is expanded when a large size-smartfilter" classname="smartFilter\basic.spec.ts" time="1.763">
</testcase>
<testcase name="Filter bar is smaller when a compact size-smartfilter" classname="smartFilter\basic.spec.ts" time="1.687">
</testcase>
<testcase name="All icons are shown when enabled-smartfilteraggrid" classname="smartFilter\basic.spec.ts" time="1.476">
</testcase>
<testcase name="All icons are hidden when not enabled-smartfilteraggrid" classname="smartFilter\basic.spec.ts" time="1.556">
</testcase>
<testcase name="Filterbar has blue border when inner element has focus-smartfilteraggrid" classname="smartFilter\basic.spec.ts" time="1.76">
</testcase>
<testcase name="The expand icon is disabled when content too small-smartfilteraggrid" classname="smartFilter\basic.spec.ts" time="1.66">
</testcase>
<testcase name="The expand icon highlights when content is bigger than control area-smartfilteraggrid" classname="smartFilter\basic.spec.ts" time="2.4">
</testcase>
<testcase name="Clicking the expand icon extends the filter bar-smartfilteraggrid" classname="smartFilter\basic.spec.ts" time="3.306">
</testcase>
<testcase name="The clear button clears all content-smartfilteraggrid" classname="smartFilter\basic.spec.ts" time="2.425">
</testcase>
<testcase name="Filter bar is expanded when a large size-smartfilteraggrid" classname="smartFilter\basic.spec.ts" time="1.65">
</testcase>
<testcase name="Filter bar is smaller when a compact size-smartfilteraggrid" classname="smartFilter\basic.spec.ts" time="1.629">
</testcase>
</testsuite>
<testsuite name="smartFilter\brackets.spec.ts" timestamp="2025-01-26T10:04:12.835Z" hostname="chromium" tests="2" failures="0" skipped="0" time="4.359" errors="0">
<testcase name="Unmatched brackats are coloured red to show an error-smartfilter" classname="smartFilter\brackets.spec.ts" time="1.628">
</testcase>
<testcase name="Matching brackets will highlight when hovered over-smartfilter" classname="smartFilter\brackets.spec.ts" time="2.731">
</testcase>
</testsuite>
<testsuite name="smartFilter\dragdrop.spec.ts" timestamp="2025-01-26T10:04:12.835Z" hostname="chromium" tests="2" failures="0" skipped="0" time="6.151" errors="0">
<testcase name="Items can be dragged to the left" classname="smartFilter\dragdrop.spec.ts" time="3.325">
</testcase>
<testcase name="Items can be dragged to the right" classname="smartFilter\dragdrop.spec.ts" time="2.826">
</testcase>
</testsuite>
<testsuite name="smartFilter\editing.spec.ts" timestamp="2025-01-26T10:04:12.835Z" hostname="chromium" tests="26" failures="0" skipped="0" time="58.786" errors="0">
<testcase name="Clicking on a text value opens a text editor-smartfilter" classname="smartFilter\editing.spec.ts" time="2.32">
</testcase>
<testcase name="Clicking close shuts the editor-smartfilter" classname="smartFilter\editing.spec.ts" time="2.414">
</testcase>
<testcase name="Clicking accept updates the value-smartfilter" classname="smartFilter\editing.spec.ts" time="2.514">
</testcase>
<testcase name="Clicking on a numeric value opens a text editor-smartfilter" classname="smartFilter\editing.spec.ts" time="1.913">
</testcase>
<testcase name="Clicking close shuts the numeric editor-smartfilter" classname="smartFilter\editing.spec.ts" time="2.425">
</testcase>
<testcase name="Clicking accept updates the numeric value-smartfilter" classname="smartFilter\editing.spec.ts" time="2.594">
</testcase>
<testcase name="Clicking on a date value opens a date editor-smartfilter" classname="smartFilter\editing.spec.ts" time="2.343">
</testcase>
<testcase name="Clicking close shuts the date editor-smartfilter" classname="smartFilter\editing.spec.ts" time="2.672">
</testcase>
<testcase name="Clicking accept updates the date value-smartfilter" classname="smartFilter\editing.spec.ts" time="2.487">
</testcase>
<testcase name="Clicking on a boolean value toggles between true and false-smartfilter" classname="smartFilter\editing.spec.ts" time="1.926">
</testcase>
<testcase name="Clicking on a lookup text value opens a text editor-smartfilter" classname="smartFilter\editing.spec.ts" time="2.107">
</testcase>
<testcase name="Clicking close shuts the lookup editor-smartfilter" classname="smartFilter\editing.spec.ts" time="2.339">
</testcase>
<testcase name="Clicking accept updates the lookup value-smartfilter" classname="smartFilter\editing.spec.ts" time="2.673">
</testcase>
<testcase name="Clicking on a text value opens a text editor-smartfilteraggrid" classname="smartFilter\editing.spec.ts" time="2.425">
</testcase>
<testcase name="Clicking close shuts the editor-smartfilteraggrid" classname="smartFilter\editing.spec.ts" time="2.925">
</testcase>
<testcase name="Clicking accept updates the value-smartfilteraggrid" classname="smartFilter\editing.spec.ts" time="2.369">
</testcase>
<testcase name="Clicking on a numeric value opens a text editor-smartfilteraggrid" classname="smartFilter\editing.spec.ts" time="1.855">
</testcase>
<testcase name="Clicking close shuts the numeric editor-smartfilteraggrid" classname="smartFilter\editing.spec.ts" time="1.988">
</testcase>
<testcase name="Clicking accept updates the numeric value-smartfilteraggrid" classname="smartFilter\editing.spec.ts" time="2.274">
</testcase>
<testcase name="Clicking on a date value opens a date editor-smartfilteraggrid" classname="smartFilter\editing.spec.ts" time="2.056">
</testcase>
<testcase name="Clicking close shuts the date editor-smartfilteraggrid" classname="smartFilter\editing.spec.ts" time="2.122">
</testcase>
<testcase name="Clicking accept updates the date value-smartfilteraggrid" classname="smartFilter\editing.spec.ts" time="2.379">
</testcase>
<testcase name="Clicking on a boolean value toggles between true and false-smartfilteraggrid" classname="smartFilter\editing.spec.ts" time="1.909">
</testcase>
<testcase name="Clicking on a lookup text value opens a text editor-smartfilteraggrid" classname="smartFilter\editing.spec.ts" time="1.8">
</testcase>
<testcase name="Clicking close shuts the lookup editor-smartfilteraggrid" classname="smartFilter\editing.spec.ts" time="1.862">
</testcase>
<testcase name="Clicking accept updates the lookup value-smartfilteraggrid" classname="smartFilter\editing.spec.ts" time="2.095">
</testcase>
</testsuite>
<testsuite name="smartFilter\locking.spec.ts" timestamp="2025-01-26T10:04:12.835Z" hostname="chromium" tests="2" failures="0" skipped="0" time="5.229" errors="0">
<testcase name="When lock icon clicked pills are locked-smartfilter" classname="smartFilter\locking.spec.ts" time="2.385">
</testcase>
<testcase name="When lock icon clicked pills aare unlocked-smartfilter" classname="smartFilter\locking.spec.ts" time="2.844">
</testcase>
</testsuite>
<testsuite name="smartFilter\matchers.spec.ts" timestamp="2025-01-26T10:04:12.835Z" hostname="chromium" tests="28" failures="0" skipped="0" time="57.231" errors="0">
<testcase name="Strings are match to expressions matchers-smartfilter" classname="smartFilter\matchers.spec.ts" time="2.069">
</testcase>
<testcase name="Strings are match to lookup matchers-smartfilter" classname="smartFilter\matchers.spec.ts" time="2.01">
</testcase>
<testcase name="Strings are match to list matchers-smartfilter" classname="smartFilter\matchers.spec.ts" time="1.79">
</testcase>
<testcase name="Numbers are match to expressions matchers-smartfilter" classname="smartFilter\matchers.spec.ts" time="1.851">
</testcase>
<testcase name="Booleans are match to expressions matchers-smartfilter" classname="smartFilter\matchers.spec.ts" time="2.081">
</testcase>
<testcase name="stringDates are match to expressions matchers-smartfilter" classname="smartFilter\matchers.spec.ts" time="2.168">
</testcase>
<testcase name="Ranges can be manually entered-smartfilter" classname="smartFilter\matchers.spec.ts" time="1.99">
</testcase>
<testcase name="Ranges with no spaces can be manually entered-smartfilter" classname="smartFilter\matchers.spec.ts" time="1.926">
</testcase>
<testcase name="Lists can be manually entered-smartfilter" classname="smartFilter\matchers.spec.ts" time="2.05">
</testcase>
<testcase name="Comparisons can be entered alongside values-smartfilter" classname="smartFilter\matchers.spec.ts" time="1.804">
</testcase>
<testcase name="Operators and comparisons can be entered alongside values-smartfilter" classname="smartFilter\matchers.spec.ts" time="2.161">
</testcase>
<testcase name="Operators, fields and comparisons can be entered alongside values-smartfilter" classname="smartFilter\matchers.spec.ts" time="2.075">
</testcase>
<testcase name="Selecting empty for a value sets the value to null-smartfilter" classname="smartFilter\matchers.spec.ts" time="2.031">
</testcase>
<testcase name="Smart filter can hadnle complex filter statements-smartfilter" classname="smartFilter\matchers.spec.ts" time="2.979">
</testcase>
<testcase name="Strings are match to expressions matchers-smartfilteraggrid" classname="smartFilter\matchers.spec.ts" time="2.012">
</testcase>
<testcase name="Strings are match to lookup matchers-smartfilteraggrid" classname="smartFilter\matchers.spec.ts" time="1.865">
</testcase>
<testcase name="Strings are match to list matchers-smartfilteraggrid" classname="smartFilter\matchers.spec.ts" time="2.052">
</testcase>
<testcase name="Numbers are match to expressions matchers-smartfilteraggrid" classname="smartFilter\matchers.spec.ts" time="2.07">
</testcase>
<testcase name="Booleans are match to expressions matchers-smartfilteraggrid" classname="smartFilter\matchers.spec.ts" time="2.051">
</testcase>
<testcase name="stringDates are match to expressions matchers-smartfilteraggrid" classname="smartFilter\matchers.spec.ts" time="1.819">
</testcase>
<testcase name="Ranges can be manually entered-smartfilteraggrid" classname="smartFilter\matchers.spec.ts" time="1.76">
</testcase>
<testcase name="Ranges with no spaces can be manually entered-smartfilteraggrid" classname="smartFilter\matchers.spec.ts" time="1.538">
</testcase>
<testcase name="Lists can be manually entered-smartfilteraggrid" classname="smartFilter\matchers.spec.ts" time="2.211">
</testcase>
<testcase name="Comparisons can be entered alongside values-smartfilteraggrid" classname="smartFilter\matchers.spec.ts" time="2.037">
</testcase>
<testcase name="Operators and comparisons can be entered alongside values-smartfilteraggrid" classname="smartFilter\matchers.spec.ts" time="2.323">
</testcase>
<testcase name="Operators, fields and comparisons can be entered alongside values-smartfilteraggrid" classname="smartFilter\matchers.spec.ts" time="2.198">
</testcase>
<testcase name="Selecting empty for a value sets the value to null-smartfilteraggrid" classname="smartFilter\matchers.spec.ts" time="1.886">
</testcase>
<testcase name="Smart filter can hadnle complex filter statements-smartfilteraggrid" classname="smartFilter\matchers.spec.ts" time="2.424">
</testcase>
</testsuite>
<testsuite name="smartFilter\options.spec.ts" timestamp="2025-01-26T10:04:12.835Z" hostname="chromium" tests="7" failures="0" skipped="0" time="14.114" errors="0">
<testcase name="When text is entered into the filter bar all options are shown" classname="smartFilter\options.spec.ts" time="2.039">
</testcase>
<testcase name="When text is entered into the filter bar that matches, only matches are shown" classname="smartFilter\options.spec.ts" time="2.074">
</testcase>
<testcase name="When numbers are entered into the filter bar that matches, only numeric matches are shown" classname="smartFilter\options.spec.ts" time="2.104">
</testcase>
<testcase name="When dates are entered into the filter bar that matches, only dates matches are shown" classname="smartFilter\options.spec.ts" time="2.12">
</testcase>
<testcase name="When a range is entered into the filter bar that matches, only a mathcing range is shown" classname="smartFilter\options.spec.ts" time="2.051">
</testcase>
<testcase name="When a range with no space is entered into the filter bar that matches, only a mathcing range is shown" classname="smartFilter\options.spec.ts" time="1.787">
</testcase>
<testcase name="When field is entered into the filter bar only the field is shown" classname="smartFilter\options.spec.ts" time="1.939">
</testcase>
</testsuite>
<testsuite name="smartFilter\sort.spec.ts" timestamp="2025-01-26T10:04:12.835Z" hostname="chromium" tests="5" failures="0" skipped="0" time="12.245" errors="0">
<testcase name="Sort items are shown in the dropdown" classname="smartFilter\sort.spec.ts" time="2.275">
</testcase>
<testcase name="Sort pills can be moved up" classname="smartFilter\sort.spec.ts" time="2.694">
</testcase>
<testcase name="Sort pills can be moved down" classname="smartFilter\sort.spec.ts" time="2.509">
</testcase>
<testcase name="Sort pills can be dragged up" classname="smartFilter\sort.spec.ts" time="2.457">
</testcase>
<testcase name="Sort pills can be dragged down" classname="smartFilter\sort.spec.ts" time="2.31">
</testcase>
</testsuite>
<testsuite name="smartFilter\suggestions.spec.ts" timestamp="2025-01-26T10:04:12.835Z" hostname="chromium" tests="24" failures="0" skipped="0" time="46.332" errors="0">
<testcase name="Dropdown suggestions are shown when mouse over-smartfilter" classname="smartFilter\suggestions.spec.ts" time="1.426">
</testcase>
<testcase name="A pill is created when a field option is clicked-smartfilter" classname="smartFilter\suggestions.spec.ts" time="1.634">
</testcase>
<testcase name="A pill is created when a sort option is clicked-smartfilter" classname="smartFilter\suggestions.spec.ts" time="2.218">
</testcase>
<testcase name="Brackets pills are created when brackets are selected-smartfilter" classname="smartFilter\suggestions.spec.ts" time="2.101">
</testcase>
<testcase name="Suggestions change when a pill is selected-smartfilter" classname="smartFilter\suggestions.spec.ts" time="2.072">
</testcase>
<testcase name="Selecting an operator applies the operator to the pill-smartfilter" classname="smartFilter\suggestions.spec.ts" time="2.119">
</testcase>
<testcase name="Selecting empty removes the pills value-smartfilter" classname="smartFilter\suggestions.spec.ts" time="2.093">
</testcase>
<testcase name="Selecting list turns the pills into a list-smartfilter" classname="smartFilter\suggestions.spec.ts" time="1.685">
</testcase>
<testcase name="Selecting range turns the pills into a range-smartfilter" classname="smartFilter\suggestions.spec.ts" time="2.294">
</testcase>
<testcase name="Selecting &apos;or&apos; adds the or operator-smartfilter" classname="smartFilter\suggestions.spec.ts" time="2.541">
</testcase>
<testcase name="Selecting group shows all group hints-smartfilter" classname="smartFilter\suggestions.spec.ts" time="2.078">
</testcase>
<testcase name="Selecting a hint creates a pill-smartfilter" classname="smartFilter\suggestions.spec.ts" time="1.959">
</testcase>
<testcase name="Dropdown suggestions are shown when mouse over-smartfilteraggrid" classname="smartFilter\suggestions.spec.ts" time="1.753">
</testcase>
<testcase name="A pill is created when a field option is clicked-smartfilteraggrid" classname="smartFilter\suggestions.spec.ts" time="1.708">
</testcase>
<testcase name="A pill is created when a sort option is clicked-smartfilteraggrid" classname="smartFilter\suggestions.spec.ts" time="1.976">
</testcase>
<testcase name="Brackets pills are created when brackets are selected-smartfilteraggrid" classname="smartFilter\suggestions.spec.ts" time="2.088">
</testcase>
<testcase name="Suggestions change when a pill is selected-smartfilteraggrid" classname="smartFilter\suggestions.spec.ts" time="2.062">
</testcase>
<testcase name="Selecting an operator applies the operator to the pill-smartfilteraggrid" classname="smartFilter\suggestions.spec.ts" time="2.104">
</testcase>
<testcase name="Selecting empty removes the pills value-smartfilteraggrid" classname="smartFilter\suggestions.spec.ts" time="2.101">
</testcase>
<testcase name="Selecting list turns the pills into a list-smartfilteraggrid" classname="smartFilter\suggestions.spec.ts" time="1.91">
</testcase>
<testcase name="Selecting range turns the pills into a range-smartfilteraggrid" classname="smartFilter\suggestions.spec.ts" time="1.676">
</testcase>
<testcase name="Selecting &apos;or&apos; adds the or operator-smartfilteraggrid" classname="smartFilter\suggestions.spec.ts" time="1.86">
</testcase>
<testcase name="Selecting group shows all group hints-smartfilteraggrid" classname="smartFilter\suggestions.spec.ts" time="1.454">
</testcase>
<testcase name="Selecting a hint creates a pill-smartfilteraggrid" classname="smartFilter\suggestions.spec.ts" time="1.42">
</testcase>
</testsuite>
</testsuites>