<testsuites id="" name="" tests="7" failures="2" skipped="0" errors="0" time="79.69997799999999">
<testsuite name="smartFilter\basic.spec.ts" timestamp="2025-01-18T07:14:30.789Z" hostname="chromium" tests="6" failures="2" skipped="0" time="56.339" errors="0">
<testcase name="All icons are shown when enabled" classname="smartFilter\basic.spec.ts" time="11.072">
</testcase>
<testcase name="All icons are hidden when not enabled" classname="smartFilter\basic.spec.ts" time="15.197">
</testcase>
<testcase name="Filterbar has blue border when inner element has focus" classname="smartFilter\basic.spec.ts" time="6.641">
</testcase>
<testcase name="The expand icon is disabled when content too small" classname="smartFilter\basic.spec.ts" time="7.156">
</testcase>
<testcase name="The expand icon highlights when content is bigger than control area " classname="smartFilter\basic.spec.ts" time="7.035">
<failure message="basic.spec.ts:85:1 The expand icon highlights when content is bigger than control area " type="FAILURE">
<![CDATA[  [chromium] › smartFilter\basic.spec.ts:85:1 › The expand icon highlights when content is bigger than control area  

    Error: A snapshot doesn't exist at C:\Users\gregg\development\smart-filter\tests\visual\smartFilter\basic.spec.ts-snapshots\expand-icon-hhighlighted-chromium-win32.png, writing actual.

      105 |
      106 |     await Then('the focus border is shown in the screenshot', async () => {
    > 107 |       await expect(expandIcon).toHaveScreenshot('expand-icon-hhighlighted.png');
          |       ^
      108 |     })
      109 |   }
      110 | )
        at C:\Users\gregg\development\smart-filter\tests\visual\smartFilter\basic.spec.ts:107:7
        at C:\Users\gregg\development\smart-filter\tests\visual\smartFilter\basic.spec.ts:106:5

    attachment #1: expand-icon-hhighlighted-expected.png (image/png) ────────────────────────────
    tests\visual\smartFilter\basic.spec.ts-snapshots\expand-icon-hhighlighted-chromium-win32.png
    ─────────────────────────────────────────────────────────────────────────────────────────────

    attachment #2: expand-icon-hhighlighted-actual.png (image/png) ──────────────────────────────
    test-results\smartFilter-basic-The-expa-36a16-s-bigger-than-control-area--chromium\expand-icon-hhighlighted-actual.png
    ─────────────────────────────────────────────────────────────────────────────────────────────
]]>
</failure>
<system-out>
<![CDATA[
[[ATTACHMENT|..\tests\visual\smartFilter\basic.spec.ts-snapshots\expand-icon-hhighlighted-chromium-win32.png]]

[[ATTACHMENT|..\test-results\smartFilter-basic-The-expa-36a16-s-bigger-than-control-area--chromium\expand-icon-hhighlighted-actual.png]]
]]>
</system-out>
</testcase>
<testcase name="The clear button clears all content" classname="smartFilter\basic.spec.ts" time="9.238">
<failure message="basic.spec.ts:112:1 The clear button clears all content" type="FAILURE">
<![CDATA[  [chromium] › smartFilter\basic.spec.ts:112:1 › The clear button clears all content ────────────

    Error: A snapshot doesn't exist at C:\Users\gregg\development\smart-filter\tests\visual\smartFilter\basic.spec.ts-snapshots\filterbar-is-clear-chromium-win32.png, writing actual.

      138 |
      139 |     await Then('the filterbar content is cleared', async () => {
    > 140 |       await expect(filterBar).toHaveScreenshot('filterbar-is-clear.png');
          |       ^
      141 |     })
      142 |   }
      143 | )
        at C:\Users\gregg\development\smart-filter\tests\visual\smartFilter\basic.spec.ts:140:7
        at C:\Users\gregg\development\smart-filter\tests\visual\smartFilter\basic.spec.ts:139:5

    Error: locator.click: Test ended.
    Call log:
      - waiting for locator('#sf-currency-asc-opt')


       at common\SmartFilterPage.ts:54

      52 |     selectSortItem: async (field: string, direction: SortDirection) => {
      53 |       sortSelectionbutton.hover();
    > 54 |       page.locator(`#sf-${field}-${direction}-opt`).click();
         |                                                     ^
      55 |     }
      56 |   }
      57 | }
        at selectSortItem (C:\Users\gregg\development\smart-filter\tests\visual\common\SmartFilterPage.ts:54:53)
        at C:\Users\gregg\development\smart-filter\tests\visual\smartFilter\basic.spec.ts:132:13
        at And (C:\Users\gregg\development\smart-filter\tests\visual\common\ghkerkin.ts:26:8)
        at C:\Users\gregg\development\smart-filter\tests\visual\smartFilter\basic.spec.ts:131:11

    attachment #1: filterbar-is-clear-expected.png (image/png) ──────────────────────────────────
    tests\visual\smartFilter\basic.spec.ts-snapshots\filterbar-is-clear-chromium-win32.png
    ─────────────────────────────────────────────────────────────────────────────────────────────

    attachment #2: filterbar-is-clear-actual.png (image/png) ────────────────────────────────────
    test-results\smartFilter-basic-The-clear-button-clears-all-content-chromium\filterbar-is-clear-actual.png
    ─────────────────────────────────────────────────────────────────────────────────────────────
]]>
</failure>
<system-out>
<![CDATA[
[[ATTACHMENT|..\tests\visual\smartFilter\basic.spec.ts-snapshots\filterbar-is-clear-chromium-win32.png]]

[[ATTACHMENT|..\test-results\smartFilter-basic-The-clear-button-clears-all-content-chromium\filterbar-is-clear-actual.png]]
]]>
</system-out>
</testcase>
</testsuite>
<testsuite name="smartFilter\suggestions.spec.ts" timestamp="2025-01-18T07:14:30.789Z" hostname="chromium" tests="1" failures="0" skipped="0" time="5.267" errors="0">
<testcase name="Dropdown suggestions are shown when mouse over" classname="smartFilter\suggestions.spec.ts" time="5.267">
</testcase>
</testsuite>
</testsuites>