<testsuites id="" name="" tests="1" failures="1" skipped="0" errors="0" time="40.621125">
<testsuite name="smartFilter\sort.spec.ts" timestamp="2025-01-19T21:25:27.962Z" hostname="chromium" tests="1" failures="1" skipped="0" time="30.167" errors="0">
<testcase name="Sort items are shown in the dropdown-smartfilter" classname="smartFilter\sort.spec.ts" time="30.167">
<failure message="sort.spec.ts:5:3 Sort items are shown in the dropdown-smartfilter" type="FAILURE">
<![CDATA[  [chromium] › smartFilter\sort.spec.ts:5:3 › Sort items are shown in the dropdown-smartfilter › When enter sort items 

    Test timeout of 30000ms exceeded.

    Error: locator.hover: Test timeout of 30000ms exceeded.
    Call log:
      - waiting for locator('#sf-sort-selection-button')
        - locator resolved to <div id="sf-sort-selection-button" class="_addFieldIcon_p1ieh_4 _icon-normal_p1ieh_11">…</div>
      - attempting hover action
        2 × waiting for element to be visible and stable
          - element is visible and stable
          - scrolling into view if needed
          - done scrolling
          - <div class="_title_p1ieh_30">Sort Fields</div> from <div class="_filterSelectionPopup_p1ieh_17 _normal_p1ieh_64">…</div> subtree intercepts pointer events
        - retrying hover action
        - waiting 20ms
        2 × waiting for element to be visible and stable
          - element is visible and stable
          - scrolling into view if needed
          - done scrolling
          - <div class="_title_p1ieh_30">Sort Fields</div> from <div class="_filterSelectionPopup_p1ieh_17 _normal_p1ieh_64">…</div> subtree intercepts pointer events
        - retrying hover action
          - waiting 100ms
        39 × waiting for element to be visible and stable
           - element is visible and stable
           - scrolling into view if needed
           - done scrolling
           - <div class="_title_p1ieh_30">Sort Fields</div> from <div class="_filterSelectionPopup_p1ieh_17 _normal_p1ieh_64">…</div> subtree intercepts pointer events
         - retrying hover action
           - waiting 500ms


       at common\SmartFilterPage.ts:105

      103 |     /* sugestions start */
      104 |     selectSortSuggestion: async (field: string, direction: SortDirection) => {
    > 105 |       await sortSelectionbutton.hover();
          |                                 ^
      106 |       const sortOpt = await page.locator(`#sf-${field}-${direction}-opt`);
      107 |       if (!sortOpt) {
      108 |         throw Error(`sort for ${field} cannot be found`);
        at selectSortSuggestion (C:\Users\gregg\development\smart-filter\tests\visual\common\SmartFilterPage.ts:105:33)
        at C:\Users\gregg\development\smart-filter\tests\visual\smartFilter\sort.spec.ts:23:15
        at C:\Users\gregg\development\smart-filter\tests\visual\smartFilter\sort.spec.ts:21:7
]]>
</failure>
</testcase>
</testsuite>
</testsuites>