<testsuites id="" name="" tests="3" failures="1" skipped="0" errors="0" time="86.78163799999999">
<testsuite name="smartFilter\aggrid.spec.ts" timestamp="2025-01-19T19:39:01.547Z" hostname="chromium" tests="3" failures="1" skipped="0" time="31.699" errors="0">
<testcase name="Enetering filter values in smart filter automatically filters ag-grid-smartfilteraggrid" classname="smartFilter\aggrid.spec.ts" time="11.03">
</testcase>
<testcase name="Enetering sort fields in smart filter automatically sorts ag-grid-smartfilteraggrid" classname="smartFilter\aggrid.spec.ts" time="8.041">
</testcase>
<testcase name="Sorting and filtering ag-grid-smartfilteraggrid" classname="smartFilter\aggrid.spec.ts" time="12.628">
<failure message="aggrid.spec.ts:55:3 Sorting and filtering ag-grid-smartfilteraggrid" type="FAILURE">
<![CDATA[  [chromium] › smartFilter\aggrid.spec.ts:55:3 › Sorting and filtering ag-grid-smartfilteraggrid ───

    Error: A snapshot doesn't exist at C:\Users\gregg\development\smart-filter\tests\visual\smartFilter\aggrid.spec.ts-snapshots\ag-grid-sorted-and-filtered-smartfilteraggrid-chromium-win32.png, writing actual.

      76 |
      77 |       await Then('ag-grid is updated', async () => {
    > 78 |         await expect(agGrid).toHaveScreenshot(`ag-grid-sorted-and-filtered-${view}.png`);
         |         ^
      79 |       });
      80 |     }
      81 |   );
        at C:\Users\gregg\development\smart-filter\tests\visual\smartFilter\aggrid.spec.ts:78:9
        at C:\Users\gregg\development\smart-filter\tests\visual\smartFilter\aggrid.spec.ts:77:7

    attachment #1: ag-grid-sorted-and-filtered-smartfilteraggrid-expected.png (image/png) ──────────
    tests\visual\smartFilter\aggrid.spec.ts-snapshots\ag-grid-sorted-and-filtered-smartfilteraggrid-chromium-win32.png
    ────────────────────────────────────────────────────────────────────────────────────────────────

    attachment #2: ag-grid-sorted-and-filtered-smartfilteraggrid-actual.png (image/png) ────────────
    test-results\smartFilter-aggrid-Sorting-9e4f4-g-ag-grid-smartfilteraggrid-chromium\ag-grid-sorted-and-filtered-smartfilteraggrid-actual.png
    ────────────────────────────────────────────────────────────────────────────────────────────────
]]>
</failure>
<system-out>
<![CDATA[
[[ATTACHMENT|..\tests\visual\smartFilter\aggrid.spec.ts-snapshots\ag-grid-sorted-and-filtered-smartfilteraggrid-chromium-win32.png]]

[[ATTACHMENT|..\test-results\smartFilter-aggrid-Sorting-9e4f4-g-ag-grid-smartfilteraggrid-chromium\ag-grid-sorted-and-filtered-smartfilteraggrid-actual.png]]
]]>
</system-out>
</testcase>
</testsuite>
</testsuites>