<testsuites id="" name="" tests="12" failures="1" skipped="0" errors="0" time="94.12687600000001">
<testsuite name="smartFilter\suggestions.spec.ts" timestamp="2025-01-18T21:37:24.694Z" hostname="chromium" tests="12" failures="1" skipped="0" time="115.441" errors="0">
<testcase name="Dropdown suggestions are shown when mouse over" classname="smartFilter\suggestions.spec.ts" time="8.466">
</testcase>
<testcase name="A pill is created when a field option is clicked" classname="smartFilter\suggestions.spec.ts" time="13.202">
</testcase>
<testcase name="A pill is created when a sort option is clicked" classname="smartFilter\suggestions.spec.ts" time="9.091">
</testcase>
<testcase name="Brackets pills are created when brackets are selected" classname="smartFilter\suggestions.spec.ts" time="8.172">
</testcase>
<testcase name="Suggestions change when a pill is selected" classname="smartFilter\suggestions.spec.ts" time="7.864">
</testcase>
<testcase name="Selecting an operator applies the operator to the pill" classname="smartFilter\suggestions.spec.ts" time="7.224">
</testcase>
<testcase name="Selecting empty removes the pills value" classname="smartFilter\suggestions.spec.ts" time="30.31">
<failure message="suggestions.spec.ts:171:1 Selecting empty removes the pills value" type="FAILURE">
<![CDATA[  [chromium] › smartFilter\suggestions.spec.ts:171:1 › Selecting empty removes the pills value › Then the pills value is removed 

    Test timeout of 30000ms exceeded.

    Error: locator.click: Test timeout of 30000ms exceeded.
    Call log:
      - waiting for locator('#sf-search-box')
        - locator resolved to <input value="" type="text" id="sf-search-box" placeholder="Enter text to search..." class="_searchBox_1rg62_1 _font-normal_1rg62_10"/>
      - attempting click action
        - waiting for element to be visible, enabled and stable
        - element is not stable
      - retrying click action
        - waiting for element to be visible, enabled and stable
      - element was detached from the DOM, retrying


      196 |
      197 |     await Then('the pills value is removed', async () => {
    > 198 |       await searchBox.click();
          |                       ^
      199 |       await expect(innerFilterBar).toHaveScreenshot('pill-has-no-value.png');
      200 |     });
      201 |   }
        at C:\Users\gregg\development\smart-filter\tests\visual\smartFilter\suggestions.spec.ts:198:23
        at Then (C:\Users\gregg\development\smart-filter\tests\visual\common\ghkerkin.ts:23:8)
        at C:\Users\gregg\development\smart-filter\tests\visual\smartFilter\suggestions.spec.ts:197:11
]]>
</failure>
</testcase>
<testcase name="Selecting list turns the pills into a list" classname="smartFilter\suggestions.spec.ts" time="7.45">
</testcase>
<testcase name="Selecting range turns the pills into a range" classname="smartFilter\suggestions.spec.ts" time="6.127">
</testcase>
<testcase name="Selecting &apos;or&apos; adds the or operator" classname="smartFilter\suggestions.spec.ts" time="6.567">
</testcase>
<testcase name="Selecting group shows all group hints" classname="smartFilter\suggestions.spec.ts" time="5.266">
</testcase>
<testcase name="Selecting a hint creates a pill" classname="smartFilter\suggestions.spec.ts" time="5.702">
</testcase>
</testsuite>
</testsuites>