<testsuites id="" name="" tests="121" failures="0" skipped="0" errors="0" time="55.946098000000006">
<testsuite name="smartFilter\aggrid.spec.ts" timestamp="2025-01-25T18:42:44.575Z" hostname="chromium" tests="3" failures="0" skipped="0" time="17.683" errors="0">
<testcase name="Enetering filter values in smart filter automatically filters ag-grid-smartfilteraggrid" classname="smartFilter\aggrid.spec.ts" time="12.709">
</testcase>
<testcase name="Enetering sort fields in smart filter automatically sorts ag-grid-smartfilteraggrid" classname="smartFilter\aggrid.spec.ts" time="2.373">
</testcase>
<testcase name="Sorting and filtering ag-grid-smartfilteraggrid" classname="smartFilter\aggrid.spec.ts" time="2.601">
</testcase>
</testsuite>
<testsuite name="smartFilter\arrays.spec.ts" timestamp="2025-01-25T18:42:44.575Z" hostname="chromium" tests="4" failures="0" skipped="0" time="9.242" errors="0">
<testcase name="Editing an array shows all elements in the array" classname="smartFilter\arrays.spec.ts" time="2.211">
</testcase>
<testcase name="New elements can be add to the array" classname="smartFilter\arrays.spec.ts" time="2.28">
</testcase>
<testcase name="Elements can be removed from the array" classname="smartFilter\arrays.spec.ts" time="2.502">
</testcase>
<testcase name="Array items can be edited" classname="smartFilter\arrays.spec.ts" time="2.249">
</testcase>
</testsuite>
<testsuite name="smartFilter\basic.spec.ts" timestamp="2025-01-25T18:42:44.575Z" hostname="chromium" tests="18" failures="0" skipped="0" time="35.072" errors="0">
<testcase name="All icons are shown when enabled-smartfilter" classname="smartFilter\basic.spec.ts" time="1.446">
</testcase>
<testcase name="All icons are hidden when not enabled-smartfilter" classname="smartFilter\basic.spec.ts" time="1.442">
</testcase>
<testcase name="Filterbar has blue border when inner element has focus-smartfilter" classname="smartFilter\basic.spec.ts" time="1.4">
</testcase>
<testcase name="The expand icon is disabled when content too small-smartfilter" classname="smartFilter\basic.spec.ts" time="1.419">
</testcase>
<testcase name="The expand icon highlights when content is bigger than control area-smartfilter" classname="smartFilter\basic.spec.ts" time="1.743">
</testcase>
<testcase name="Clicking the expand icon extends the filter bar-smartfilter" classname="smartFilter\basic.spec.ts" time="2.486">
</testcase>
<testcase name="The clear button clears all content-smartfilter" classname="smartFilter\basic.spec.ts" time="1.74">
</testcase>
<testcase name="Filter bar is expanded when a large size-smartfilter" classname="smartFilter\basic.spec.ts" time="6.738">
</testcase>
<testcase name="Filter bar is smaller when a compact size-smartfilter" classname="smartFilter\basic.spec.ts" time="1.14">
</testcase>
<testcase name="All icons are shown when enabled-smartfilteraggrid" classname="smartFilter\basic.spec.ts" time="1.337">
</testcase>
<testcase name="All icons are hidden when not enabled-smartfilteraggrid" classname="smartFilter\basic.spec.ts" time="1.543">
</testcase>
<testcase name="Filterbar has blue border when inner element has focus-smartfilteraggrid" classname="smartFilter\basic.spec.ts" time="1.747">
</testcase>
<testcase name="The expand icon is disabled when content too small-smartfilteraggrid" classname="smartFilter\basic.spec.ts" time="1.592">
</testcase>
<testcase name="The expand icon highlights when content is bigger than control area-smartfilteraggrid" classname="smartFilter\basic.spec.ts" time="1.959">
</testcase>
<testcase name="Clicking the expand icon extends the filter bar-smartfilteraggrid" classname="smartFilter\basic.spec.ts" time="2.952">
</testcase>
<testcase name="The clear button clears all content-smartfilteraggrid" classname="smartFilter\basic.spec.ts" time="1.911">
</testcase>
<testcase name="Filter bar is expanded when a large size-smartfilteraggrid" classname="smartFilter\basic.spec.ts" time="1.253">
</testcase>
<testcase name="Filter bar is smaller when a compact size-smartfilteraggrid" classname="smartFilter\basic.spec.ts" time="1.224">
</testcase>
</testsuite>
<testsuite name="smartFilter\brackets.spec.ts" timestamp="2025-01-25T18:42:44.575Z" hostname="chromium" tests="2" failures="0" skipped="0" time="4.331" errors="0">
<testcase name="Unmatched brackats are coloured red to show an error-smartfilter" classname="smartFilter\brackets.spec.ts" time="1.749">
</testcase>
<testcase name="Matching brackets will highlight when hovered over-smartfilter" classname="smartFilter\brackets.spec.ts" time="2.582">
</testcase>
</testsuite>
<testsuite name="smartFilter\dragdrop.spec.ts" timestamp="2025-01-25T18:42:44.575Z" hostname="chromium" tests="2" failures="0" skipped="0" time="5.925" errors="0">
<testcase name="Items can be dragged to the left" classname="smartFilter\dragdrop.spec.ts" time="2.81">
</testcase>
<testcase name="Items can be dragged to the right" classname="smartFilter\dragdrop.spec.ts" time="3.115">
</testcase>
</testsuite>
<testsuite name="smartFilter\editing.spec.ts" timestamp="2025-01-25T18:42:44.575Z" hostname="chromium" tests="26" failures="0" skipped="0" time="61.804" errors="0">
<testcase name="Clicking on a text value opens a text editor-smartfilter" classname="smartFilter\editing.spec.ts" time="7.221">
</testcase>
<testcase name="Clicking close shuts the editor-smartfilter" classname="smartFilter\editing.spec.ts" time="1.737">
</testcase>
<testcase name="Clicking accept updates the value-smartfilter" classname="smartFilter\editing.spec.ts" time="2.191">
</testcase>
<testcase name="Clicking on a numeric value opens a text editor-smartfilter" classname="smartFilter\editing.spec.ts" time="1.815">
</testcase>
<testcase name="Clicking close shuts the numeric editor-smartfilter" classname="smartFilter\editing.spec.ts" time="1.852">
</testcase>
<testcase name="Clicking accept updates the numeric value-smartfilter" classname="smartFilter\editing.spec.ts" time="2.204">
</testcase>
<testcase name="Clicking on a date value opens a date editor-smartfilter" classname="smartFilter\editing.spec.ts" time="1.978">
</testcase>
<testcase name="Clicking close shuts the date editor-smartfilter" classname="smartFilter\editing.spec.ts" time="1.928">
</testcase>
<testcase name="Clicking accept updates the date value-smartfilter" classname="smartFilter\editing.spec.ts" time="2.126">
</testcase>
<testcase name="Clicking on a boolean value toggles between true and false-smartfilter" classname="smartFilter\editing.spec.ts" time="1.878">
</testcase>
<testcase name="Clicking on a lookup text value opens a text editor-smartfilter" classname="smartFilter\editing.spec.ts" time="1.851">
</testcase>
<testcase name="Clicking close shuts the lookup editor-smartfilter" classname="smartFilter\editing.spec.ts" time="2.221">
</testcase>
<testcase name="Clicking accept updates the lookup value-smartfilter" classname="smartFilter\editing.spec.ts" time="2.32">
</testcase>
<testcase name="Clicking on a text value opens a text editor-smartfilteraggrid" classname="smartFilter\editing.spec.ts" time="2.137">
</testcase>
<testcase name="Clicking close shuts the editor-smartfilteraggrid" classname="smartFilter\editing.spec.ts" time="2.104">
</testcase>
<testcase name="Clicking accept updates the value-smartfilteraggrid" classname="smartFilter\editing.spec.ts" time="1.967">
</testcase>
<testcase name="Clicking on a numeric value opens a text editor-smartfilteraggrid" classname="smartFilter\editing.spec.ts" time="1.757">
</testcase>
<testcase name="Clicking close shuts the numeric editor-smartfilteraggrid" classname="smartFilter\editing.spec.ts" time="2.39">
</testcase>
<testcase name="Clicking accept updates the numeric value-smartfilteraggrid" classname="smartFilter\editing.spec.ts" time="2.445">
</testcase>
<testcase name="Clicking on a date value opens a date editor-smartfilteraggrid" classname="smartFilter\editing.spec.ts" time="2.418">
</testcase>
<testcase name="Clicking close shuts the date editor-smartfilteraggrid" classname="smartFilter\editing.spec.ts" time="2.394">
</testcase>
<testcase name="Clicking accept updates the date value-smartfilteraggrid" classname="smartFilter\editing.spec.ts" time="2.509">
</testcase>
<testcase name="Clicking on a boolean value toggles between true and false-smartfilteraggrid" classname="smartFilter\editing.spec.ts" time="2.291">
</testcase>
<testcase name="Clicking on a lookup text value opens a text editor-smartfilteraggrid" classname="smartFilter\editing.spec.ts" time="2.188">
</testcase>
<testcase name="Clicking close shuts the lookup editor-smartfilteraggrid" classname="smartFilter\editing.spec.ts" time="2.702">
</testcase>
<testcase name="Clicking accept updates the lookup value-smartfilteraggrid" classname="smartFilter\editing.spec.ts" time="3.18">
</testcase>
</testsuite>
<testsuite name="smartFilter\locking.spec.ts" timestamp="2025-01-25T18:42:44.575Z" hostname="chromium" tests="2" failures="0" skipped="0" time="6.24" errors="0">
<testcase name="When lock icon clicked pills are locked-smartfilter" classname="smartFilter\locking.spec.ts" time="3.168">
</testcase>
<testcase name="When lock icon clicked pills aare unlocked-smartfilter" classname="smartFilter\locking.spec.ts" time="3.072">
</testcase>
</testsuite>
<testsuite name="smartFilter\matchers.spec.ts" timestamp="2025-01-25T18:42:44.575Z" hostname="chromium" tests="28" failures="0" skipped="0" time="62.577" errors="0">
<testcase name="Strings are match to expressions matchers-smartfilter" classname="smartFilter\matchers.spec.ts" time="2.358">
</testcase>
<testcase name="Strings are match to lookup matchers-smartfilter" classname="smartFilter\matchers.spec.ts" time="1.759">
</testcase>
<testcase name="Strings are match to list matchers-smartfilter" classname="smartFilter\matchers.spec.ts" time="1.902">
</testcase>
<testcase name="Numbers are match to expressions matchers-smartfilter" classname="smartFilter\matchers.spec.ts" time="2.475">
</testcase>
<testcase name="Booleans are match to expressions matchers-smartfilter" classname="smartFilter\matchers.spec.ts" time="2.67">
</testcase>
<testcase name="stringDates are match to expressions matchers-smartfilter" classname="smartFilter\matchers.spec.ts" time="2.42">
</testcase>
<testcase name="Ranges can be manually entered-smartfilter" classname="smartFilter\matchers.spec.ts" time="2.229">
</testcase>
<testcase name="Ranges with no spaces can be manually entered-smartfilter" classname="smartFilter\matchers.spec.ts" time="2.14">
</testcase>
<testcase name="Lists can be manually entered-smartfilter" classname="smartFilter\matchers.spec.ts" time="1.903">
</testcase>
<testcase name="Comparisons can be entered alongside values-smartfilter" classname="smartFilter\matchers.spec.ts" time="1.823">
</testcase>
<testcase name="Operators and comparisons can be entered alongside values-smartfilter" classname="smartFilter\matchers.spec.ts" time="2.651">
</testcase>
<testcase name="Operators, fields and comparisons can be entered alongside values-smartfilter" classname="smartFilter\matchers.spec.ts" time="2.69">
</testcase>
<testcase name="Selecting empty for a value sets the value to null-smartfilter" classname="smartFilter\matchers.spec.ts" time="2.362">
</testcase>
<testcase name="Smart filter can hadnle complex filter statements-smartfilter" classname="smartFilter\matchers.spec.ts" time="2.952">
</testcase>
<testcase name="Strings are match to expressions matchers-smartfilteraggrid" classname="smartFilter\matchers.spec.ts" time="1.918">
</testcase>
<testcase name="Strings are match to lookup matchers-smartfilteraggrid" classname="smartFilter\matchers.spec.ts" time="1.752">
</testcase>
<testcase name="Strings are match to list matchers-smartfilteraggrid" classname="smartFilter\matchers.spec.ts" time="2.017">
</testcase>
<testcase name="Numbers are match to expressions matchers-smartfilteraggrid" classname="smartFilter\matchers.spec.ts" time="2.033">
</testcase>
<testcase name="Booleans are match to expressions matchers-smartfilteraggrid" classname="smartFilter\matchers.spec.ts" time="2.179">
</testcase>
<testcase name="stringDates are match to expressions matchers-smartfilteraggrid" classname="smartFilter\matchers.spec.ts" time="2.268">
</testcase>
<testcase name="Ranges can be manually entered-smartfilteraggrid" classname="smartFilter\matchers.spec.ts" time="1.912">
</testcase>
<testcase name="Ranges with no spaces can be manually entered-smartfilteraggrid" classname="smartFilter\matchers.spec.ts" time="1.989">
</testcase>
<testcase name="Lists can be manually entered-smartfilteraggrid" classname="smartFilter\matchers.spec.ts" time="1.945">
</testcase>
<testcase name="Comparisons can be entered alongside values-smartfilteraggrid" classname="smartFilter\matchers.spec.ts" time="2.018">
</testcase>
<testcase name="Operators and comparisons can be entered alongside values-smartfilteraggrid" classname="smartFilter\matchers.spec.ts" time="2.309">
</testcase>
<testcase name="Operators, fields and comparisons can be entered alongside values-smartfilteraggrid" classname="smartFilter\matchers.spec.ts" time="2.616">
</testcase>
<testcase name="Selecting empty for a value sets the value to null-smartfilteraggrid" classname="smartFilter\matchers.spec.ts" time="2.206">
</testcase>
<testcase name="Smart filter can hadnle complex filter statements-smartfilteraggrid" classname="smartFilter\matchers.spec.ts" time="3.081">
</testcase>
</testsuite>
<testsuite name="smartFilter\options.spec.ts" timestamp="2025-01-25T18:42:44.575Z" hostname="chromium" tests="7" failures="0" skipped="0" time="13.434" errors="0">
<testcase name="When text is entered into the filter bar all options are shown" classname="smartFilter\options.spec.ts" time="1.744">
</testcase>
<testcase name="When text is entered into the filter bar that matches, only matches are shown" classname="smartFilter\options.spec.ts" time="1.81">
</testcase>
<testcase name="When numbers are entered into the filter bar that matches, only numeric matches are shown" classname="smartFilter\options.spec.ts" time="1.777">
</testcase>
<testcase name="When dates are entered into the filter bar that matches, only dates matches are shown" classname="smartFilter\options.spec.ts" time="1.931">
</testcase>
<testcase name="When a range is entered into the filter bar that matches, only a mathcing range is shown" classname="smartFilter\options.spec.ts" time="2.088">
</testcase>
<testcase name="When a range with no space is entered into the filter bar that matches, only a mathcing range is shown" classname="smartFilter\options.spec.ts" time="2.047">
</testcase>
<testcase name="When field is entered into the filter bar only the field is shown" classname="smartFilter\options.spec.ts" time="2.037">
</testcase>
</testsuite>
<testsuite name="smartFilter\sort.spec.ts" timestamp="2025-01-25T18:42:44.575Z" hostname="chromium" tests="5" failures="0" skipped="0" time="11.782" errors="0">
<testcase name="Sort items are shown in the dropdown" classname="smartFilter\sort.spec.ts" time="2.383">
</testcase>
<testcase name="Sort pills can be moved up" classname="smartFilter\sort.spec.ts" time="2.323">
</testcase>
<testcase name="Sort pills can be moved down" classname="smartFilter\sort.spec.ts" time="2.289">
</testcase>
<testcase name="Sort pills can be dragged up" classname="smartFilter\sort.spec.ts" time="2.407">
</testcase>
<testcase name="Sort pills can be dragged down" classname="smartFilter\sort.spec.ts" time="2.38">
</testcase>
</testsuite>
<testsuite name="smartFilter\suggestions.spec.ts" timestamp="2025-01-25T18:42:44.575Z" hostname="chromium" tests="24" failures="0" skipped="0" time="47.472" errors="0">
<testcase name="Dropdown suggestions are shown when mouse over-smartfilter" classname="smartFilter\suggestions.spec.ts" time="1.536">
</testcase>
<testcase name="A pill is created when a field option is clicked-smartfilter" classname="smartFilter\suggestions.spec.ts" time="1.843">
</testcase>
<testcase name="A pill is created when a sort option is clicked-smartfilter" classname="smartFilter\suggestions.spec.ts" time="1.898">
</testcase>
<testcase name="Brackets pills are created when brackets are selected-smartfilter" classname="smartFilter\suggestions.spec.ts" time="1.799">
</testcase>
<testcase name="Suggestions change when a pill is selected-smartfilter" classname="smartFilter\suggestions.spec.ts" time="1.977">
</testcase>
<testcase name="Selecting an operator applies the operator to the pill-smartfilter" classname="smartFilter\suggestions.spec.ts" time="2.21">
</testcase>
<testcase name="Selecting empty removes the pills value-smartfilter" classname="smartFilter\suggestions.spec.ts" time="2.361">
</testcase>
<testcase name="Selecting list turns the pills into a list-smartfilter" classname="smartFilter\suggestions.spec.ts" time="2.128">
</testcase>
<testcase name="Selecting range turns the pills into a range-smartfilter" classname="smartFilter\suggestions.spec.ts" time="2.067">
</testcase>
<testcase name="Selecting &apos;or&apos; adds the or operator-smartfilter" classname="smartFilter\suggestions.spec.ts" time="2.206">
</testcase>
<testcase name="Selecting group shows all group hints-smartfilter" classname="smartFilter\suggestions.spec.ts" time="1.718">
</testcase>
<testcase name="Selecting a hint creates a pill-smartfilter" classname="smartFilter\suggestions.spec.ts" time="1.747">
</testcase>
<testcase name="Dropdown suggestions are shown when mouse over-smartfilteraggrid" classname="smartFilter\suggestions.spec.ts" time="1.686">
</testcase>
<testcase name="A pill is created when a field option is clicked-smartfilteraggrid" classname="smartFilter\suggestions.spec.ts" time="1.963">
</testcase>
<testcase name="A pill is created when a sort option is clicked-smartfilteraggrid" classname="smartFilter\suggestions.spec.ts" time="2.093">
</testcase>
<testcase name="Brackets pills are created when brackets are selected-smartfilteraggrid" classname="smartFilter\suggestions.spec.ts" time="2.202">
</testcase>
<testcase name="Suggestions change when a pill is selected-smartfilteraggrid" classname="smartFilter\suggestions.spec.ts" time="2.112">
</testcase>
<testcase name="Selecting an operator applies the operator to the pill-smartfilteraggrid" classname="smartFilter\suggestions.spec.ts" time="2.415">
</testcase>
<testcase name="Selecting empty removes the pills value-smartfilteraggrid" classname="smartFilter\suggestions.spec.ts" time="2.044">
</testcase>
<testcase name="Selecting list turns the pills into a list-smartfilteraggrid" classname="smartFilter\suggestions.spec.ts" time="2.136">
</testcase>
<testcase name="Selecting range turns the pills into a range-smartfilteraggrid" classname="smartFilter\suggestions.spec.ts" time="1.978">
</testcase>
<testcase name="Selecting &apos;or&apos; adds the or operator-smartfilteraggrid" classname="smartFilter\suggestions.spec.ts" time="2.178">
</testcase>
<testcase name="Selecting group shows all group hints-smartfilteraggrid" classname="smartFilter\suggestions.spec.ts" time="1.742">
</testcase>
<testcase name="Selecting a hint creates a pill-smartfilteraggrid" classname="smartFilter\suggestions.spec.ts" time="1.433">
</testcase>
</testsuite>
</testsuites>