<testsuites id="" name="" tests="24" failures="7" skipped="0" errors="0" time="327.134724">
<testsuite name="smartFilter\suggestions.spec.ts" timestamp="2025-01-20T21:22:06.468Z" hostname="chromium" tests="24" failures="7" skipped="0" time="174.164" errors="0">
<testcase name="Dropdown suggestions are shown when mouse over-smartfilter" classname="smartFilter\suggestions.spec.ts" time="24.172">
</testcase>
<testcase name="A pill is created when a field option is clicked-smartfilter" classname="smartFilter\suggestions.spec.ts" time="6.678">
<failure message="suggestions.spec.ts:28:3 A pill is created when a field option is clicked-smartfilter" type="FAILURE">
<![CDATA[  [chromium] › smartFilter\suggestions.spec.ts:28:3 › A pill is created when a field option is clicked-smartfilter › Then the field pill is shown in the filterbar 

    Error: expect(locator).toHaveScreenshot(expected)

      3397 pixels (ratio 0.14 of all image pixels) are different.

    Expected: C:\Users\gregg\development\smart-filter\tests\visual\smartFilter\suggestions.spec.ts-snapshots\filter-bar-has-field-option-smartfilter-chromium-win32.png
    Received: C:\Users\gregg\development\smart-filter\test-results\smartFilter-suggestions-A--a01ce-tion-is-clicked-smartfilter-chromium\filter-bar-has-field-option-smartfilter-actual.png
        Diff: C:\Users\gregg\development\smart-filter\test-results\smartFilter-suggestions-A--a01ce-tion-is-clicked-smartfilter-chromium\filter-bar-has-field-option-smartfilter-diff.png

    Call log:
      - expect.toHaveScreenshot(filter-bar-has-field-option-smartfilter.png) with timeout 5000ms
        - verifying given screenshot expectation
      - waiting for locator('#sf-filter-bar')
        - locator resolved to <div tabindex="0" id="sf-filter-bar" class="_searchBar_kp0r0_1 _normal_kp0r0_48 _font-normal_kp0r0_58">…</div>
      - taking element screenshot
        - disabled all CSS animations
      - waiting for fonts to load...
      - fonts loaded
      - attempting scroll into view action
        - waiting for element to be stable
      - 3397 pixels (ratio 0.14 of all image pixels) are different.
      - waiting 100ms before taking screenshot
      - waiting for locator('#sf-filter-bar')
        - locator resolved to <div tabindex="0" id="sf-filter-bar" class="_searchBar_kp0r0_1 _normal_kp0r0_48 _font-normal_kp0r0_58">…</div>
      - taking element screenshot
        - disabled all CSS animations
      - waiting for fonts to load...
      - fonts loaded
      - attempting scroll into view action
        - waiting for element to be stable
      - captured a stable screenshot
      - 3397 pixels (ratio 0.14 of all image pixels) are different.


      49 |
      50 |       await Then('the field pill is shown in the filterbar', async () => {
    > 51 |         await expect(filterBar).toHaveScreenshot(`filter-bar-has-field-option-${view}.png`);
         |                                 ^
      52 |       });
      53 |     }
      54 |   );
        at C:\Users\gregg\development\smart-filter\tests\visual\smartFilter\suggestions.spec.ts:51:33
        at Then (C:\Users\gregg\development\smart-filter\tests\visual\common\ghkerkin.ts:23:8)
        at C:\Users\gregg\development\smart-filter\tests\visual\smartFilter\suggestions.spec.ts:50:13

    attachment #1: filter-bar-has-field-option-smartfilter-expected.png (image/png) ────────────────
    tests\visual\smartFilter\suggestions.spec.ts-snapshots\filter-bar-has-field-option-smartfilter-chromium-win32.png
    ────────────────────────────────────────────────────────────────────────────────────────────────

    attachment #2: filter-bar-has-field-option-smartfilter-actual.png (image/png) ──────────────────
    test-results\smartFilter-suggestions-A--a01ce-tion-is-clicked-smartfilter-chromium\filter-bar-has-field-option-smartfilter-actual.png
    ────────────────────────────────────────────────────────────────────────────────────────────────

    attachment #3: filter-bar-has-field-option-smartfilter-diff.png (image/png) ────────────────────
    test-results\smartFilter-suggestions-A--a01ce-tion-is-clicked-smartfilter-chromium\filter-bar-has-field-option-smartfilter-diff.png
    ────────────────────────────────────────────────────────────────────────────────────────────────
]]>
</failure>
<system-out>
<![CDATA[
[[ATTACHMENT|..\tests\visual\smartFilter\suggestions.spec.ts-snapshots\filter-bar-has-field-option-smartfilter-chromium-win32.png]]

[[ATTACHMENT|..\test-results\smartFilter-suggestions-A--a01ce-tion-is-clicked-smartfilter-chromium\filter-bar-has-field-option-smartfilter-actual.png]]

[[ATTACHMENT|..\test-results\smartFilter-suggestions-A--a01ce-tion-is-clicked-smartfilter-chromium\filter-bar-has-field-option-smartfilter-diff.png]]
]]>
</system-out>
</testcase>
<testcase name="A pill is created when a sort option is clicked-smartfilter" classname="smartFilter\suggestions.spec.ts" time="5.584">
</testcase>
<testcase name="Brackets pills are created when brackets are selected-smartfilter" classname="smartFilter\suggestions.spec.ts" time="5.135">
</testcase>
<testcase name="Suggestions change when a pill is selected-smartfilter" classname="smartFilter\suggestions.spec.ts" time="5.902">
</testcase>
<testcase name="Selecting an operator applies the operator to the pill-smartfilter" classname="smartFilter\suggestions.spec.ts" time="4.939">
</testcase>
<testcase name="Selecting empty removes the pills value-smartfilter" classname="smartFilter\suggestions.spec.ts" time="7.982">
</testcase>
<testcase name="Selecting list turns the pills into a list-smartfilter" classname="smartFilter\suggestions.spec.ts" time="8.058">
</testcase>
<testcase name="Selecting range turns the pills into a range-smartfilter" classname="smartFilter\suggestions.spec.ts" time="8.203">
<failure message="suggestions.spec.ts:234:3 Selecting range turns the pills into a range-smartfilter" type="FAILURE">
<![CDATA[  [chromium] › smartFilter\suggestions.spec.ts:234:3 › Selecting range turns the pills into a range-smartfilter › Then the pills is transformed into a range 

    Error: expect(locator).toHaveScreenshot(expected)

      439 pixels (ratio 0.02 of all image pixels) are different.

    Expected: C:\Users\gregg\development\smart-filter\tests\visual\smartFilter\suggestions.spec.ts-snapshots\pill-is-a-range-smartfilter-chromium-win32.png
    Received: C:\Users\gregg\development\smart-filter\test-results\smartFilter-suggestions-Se-46084-ls-into-a-range-smartfilter-chromium\pill-is-a-range-smartfilter-actual.png
        Diff: C:\Users\gregg\development\smart-filter\test-results\smartFilter-suggestions-Se-46084-ls-into-a-range-smartfilter-chromium\pill-is-a-range-smartfilter-diff.png

    Call log:
      - expect.toHaveScreenshot(pill-is-a-range-smartfilter.png) with timeout 5000ms
        - verifying given screenshot expectation
      - waiting for locator('#sf-filter-bar')
        - locator resolved to <div tabindex="0" id="sf-filter-bar" class="_searchBar_kp0r0_1 _normal_kp0r0_48 _font-normal_kp0r0_58">…</div>
      - taking element screenshot
        - disabled all CSS animations
      - waiting for fonts to load...
      - fonts loaded
      - attempting scroll into view action
        - waiting for element to be stable
      - 439 pixels (ratio 0.02 of all image pixels) are different.
      - waiting 100ms before taking screenshot
      - waiting for locator('#sf-filter-bar')
        - locator resolved to <div tabindex="0" id="sf-filter-bar" class="_searchBar_kp0r0_1 _normal_kp0r0_48 _font-normal_kp0r0_58">…</div>
      - taking element screenshot
        - disabled all CSS animations
      - waiting for fonts to load...
      - fonts loaded
      - attempting scroll into view action
        - waiting for element to be stable
      - captured a stable screenshot
      - 439 pixels (ratio 0.02 of all image pixels) are different.


      259 |
      260 |       await Then('the pills is transformed into a range', async () => {
    > 261 |         await expect(filterBar).toHaveScreenshot(`pill-is-a-range-${view}.png`);
          |                                 ^
      262 |       });
      263 |     }
      264 |   );
        at C:\Users\gregg\development\smart-filter\tests\visual\smartFilter\suggestions.spec.ts:261:33
        at Then (C:\Users\gregg\development\smart-filter\tests\visual\common\ghkerkin.ts:23:8)
        at C:\Users\gregg\development\smart-filter\tests\visual\smartFilter\suggestions.spec.ts:260:13

    attachment #1: pill-is-a-range-smartfilter-expected.png (image/png) ────────────────────────────
    tests\visual\smartFilter\suggestions.spec.ts-snapshots\pill-is-a-range-smartfilter-chromium-win32.png
    ────────────────────────────────────────────────────────────────────────────────────────────────

    attachment #2: pill-is-a-range-smartfilter-actual.png (image/png) ──────────────────────────────
    test-results\smartFilter-suggestions-Se-46084-ls-into-a-range-smartfilter-chromium\pill-is-a-range-smartfilter-actual.png
    ────────────────────────────────────────────────────────────────────────────────────────────────

    attachment #3: pill-is-a-range-smartfilter-diff.png (image/png) ────────────────────────────────
    test-results\smartFilter-suggestions-Se-46084-ls-into-a-range-smartfilter-chromium\pill-is-a-range-smartfilter-diff.png
    ────────────────────────────────────────────────────────────────────────────────────────────────
]]>
</failure>
<system-out>
<![CDATA[
[[ATTACHMENT|..\tests\visual\smartFilter\suggestions.spec.ts-snapshots\pill-is-a-range-smartfilter-chromium-win32.png]]

[[ATTACHMENT|..\test-results\smartFilter-suggestions-Se-46084-ls-into-a-range-smartfilter-chromium\pill-is-a-range-smartfilter-actual.png]]

[[ATTACHMENT|..\test-results\smartFilter-suggestions-Se-46084-ls-into-a-range-smartfilter-chromium\pill-is-a-range-smartfilter-diff.png]]
]]>
</system-out>
</testcase>
<testcase name="Selecting &apos;or&apos; adds the or operator-smartfilter" classname="smartFilter\suggestions.spec.ts" time="16.483">
<failure message="suggestions.spec.ts:266:3 Selecting &apos;or&apos; adds the or operator-smartfilter" type="FAILURE">
<![CDATA[  [chromium] › smartFilter\suggestions.spec.ts:266:3 › Selecting 'or' adds the or operator-smartfilter 

    Error: A snapshot doesn't exist at C:\Users\gregg\development\smart-filter\tests\visual\smartFilter\suggestions.spec.ts-snapshots\pill-has-or-operator-smartfilter-chromium-win32.png, writing actual.

      290 |
      291 |       await Then('the pills is transformed into a range', async () => {
    > 292 |         await expect(filterBar).toHaveScreenshot(`pill-has-or-operator-${view}.png`);
          |         ^
      293 |       });
      294 |     }
      295 |   );
        at C:\Users\gregg\development\smart-filter\tests\visual\smartFilter\suggestions.spec.ts:292:9
        at C:\Users\gregg\development\smart-filter\tests\visual\smartFilter\suggestions.spec.ts:291:7

    attachment #1: pill-has-or-operator-smartfilter-expected.png (image/png) ───────────────────────
    tests\visual\smartFilter\suggestions.spec.ts-snapshots\pill-has-or-operator-smartfilter-chromium-win32.png
    ────────────────────────────────────────────────────────────────────────────────────────────────

    attachment #2: pill-has-or-operator-smartfilter-actual.png (image/png) ─────────────────────────
    test-results\smartFilter-suggestions-Se-3557a-the-or-operator-smartfilter-chromium\pill-has-or-operator-smartfilter-actual.png
    ────────────────────────────────────────────────────────────────────────────────────────────────
]]>
</failure>
<system-out>
<![CDATA[
[[ATTACHMENT|..\tests\visual\smartFilter\suggestions.spec.ts-snapshots\pill-has-or-operator-smartfilter-chromium-win32.png]]

[[ATTACHMENT|..\test-results\smartFilter-suggestions-Se-3557a-the-or-operator-smartfilter-chromium\pill-has-or-operator-smartfilter-actual.png]]
]]>
</system-out>
</testcase>
<testcase name="Selecting group shows all group hints-smartfilter" classname="smartFilter\suggestions.spec.ts" time="5.923">
</testcase>
<testcase name="Selecting a hint creates a pill-smartfilter" classname="smartFilter\suggestions.spec.ts" time="11.834">
<failure message="suggestions.spec.ts:324:3 Selecting a hint creates a pill-smartfilter" type="FAILURE">
<![CDATA[  [chromium] › smartFilter\suggestions.spec.ts:324:3 › Selecting a hint creates a pill-smartfilter › Then the all items for group are shown 

    Error: Timed out 5000ms waiting for expect(locator).toHaveScreenshot(expected)

      Timeout 5000ms exceeded.

    Expected: C:\Users\gregg\development\smart-filter\tests\visual\smartFilter\suggestions.spec.ts-snapshots\pill-created-from-hint-smartfilter-chromium-win32.png

    Call log:
      - expect.toHaveScreenshot(pill-created-from-hint-smartfilter.png) with timeout 5000ms
        - verifying given screenshot expectation
      - waiting for locator('#sf-filter-bar')
        - locator resolved to <div tabindex="0" id="sf-filter-bar" class="_searchBar_kp0r0_1 _normal_kp0r0_48 _font-normal_kp0r0_58">…</div>
      - taking element screenshot
        - disabled all CSS animations
      - waiting for fonts to load...
      - Timeout 5000ms exceeded.


      344 |
      345 |       await Then('the all items for group are shown', async () => {
    > 346 |         await expect(filterBar).toHaveScreenshot(`pill-created-from-hint-${view}.png`);
          |                                 ^
      347 |       });
      348 |     }
      349 |   );
        at C:\Users\gregg\development\smart-filter\tests\visual\smartFilter\suggestions.spec.ts:346:33
        at Then (C:\Users\gregg\development\smart-filter\tests\visual\common\ghkerkin.ts:23:8)
        at C:\Users\gregg\development\smart-filter\tests\visual\smartFilter\suggestions.spec.ts:345:13

    attachment #1: pill-created-from-hint-smartfilter-expected.png (image/png) ─────────────────────
    tests\visual\smartFilter\suggestions.spec.ts-snapshots\pill-created-from-hint-smartfilter-chromium-win32.png
    ────────────────────────────────────────────────────────────────────────────────────────────────
]]>
</failure>
<system-out>
<![CDATA[
[[ATTACHMENT|..\tests\visual\smartFilter\suggestions.spec.ts-snapshots\pill-created-from-hint-smartfilter-chromium-win32.png]]
]]>
</system-out>
</testcase>
<testcase name="Dropdown suggestions are shown when mouse over-smartfilteraggrid" classname="smartFilter\suggestions.spec.ts" time="5.063">
</testcase>
<testcase name="A pill is created when a field option is clicked-smartfilteraggrid" classname="smartFilter\suggestions.spec.ts" time="5.26">
<failure message="suggestions.spec.ts:28:3 A pill is created when a field option is clicked-smartfilteraggrid" type="FAILURE">
<![CDATA[  [chromium] › smartFilter\suggestions.spec.ts:28:3 › A pill is created when a field option is clicked-smartfilteraggrid › Then the field pill is shown in the filterbar 

    Error: expect(locator).toHaveScreenshot(expected)

      3397 pixels (ratio 0.14 of all image pixels) are different.

    Expected: C:\Users\gregg\development\smart-filter\tests\visual\smartFilter\suggestions.spec.ts-snapshots\filter-bar-has-field-option-smartfilteraggrid-chromium-win32.png
    Received: C:\Users\gregg\development\smart-filter\test-results\smartFilter-suggestions-A--a94e1-s-clicked-smartfilteraggrid-chromium\filter-bar-has-field-option-smartfilteraggrid-actual.png
        Diff: C:\Users\gregg\development\smart-filter\test-results\smartFilter-suggestions-A--a94e1-s-clicked-smartfilteraggrid-chromium\filter-bar-has-field-option-smartfilteraggrid-diff.png

    Call log:
      - expect.toHaveScreenshot(filter-bar-has-field-option-smartfilteraggrid.png) with timeout 5000ms
        - verifying given screenshot expectation
      - waiting for locator('#sf-filter-bar')
        - locator resolved to <div tabindex="0" id="sf-filter-bar" class="_searchBar_kp0r0_1 _normal_kp0r0_48 _font-normal_kp0r0_58">…</div>
      - taking element screenshot
        - disabled all CSS animations
      - waiting for fonts to load...
      - fonts loaded
      - attempting scroll into view action
        - waiting for element to be stable
      - 3397 pixels (ratio 0.14 of all image pixels) are different.
      - waiting 100ms before taking screenshot
      - waiting for locator('#sf-filter-bar')
        - locator resolved to <div tabindex="0" id="sf-filter-bar" class="_searchBar_kp0r0_1 _normal_kp0r0_48 _font-normal_kp0r0_58">…</div>
      - taking element screenshot
        - disabled all CSS animations
      - waiting for fonts to load...
      - fonts loaded
      - attempting scroll into view action
        - waiting for element to be stable
      - captured a stable screenshot
      - 3397 pixels (ratio 0.14 of all image pixels) are different.


      49 |
      50 |       await Then('the field pill is shown in the filterbar', async () => {
    > 51 |         await expect(filterBar).toHaveScreenshot(`filter-bar-has-field-option-${view}.png`);
         |                                 ^
      52 |       });
      53 |     }
      54 |   );
        at C:\Users\gregg\development\smart-filter\tests\visual\smartFilter\suggestions.spec.ts:51:33
        at Then (C:\Users\gregg\development\smart-filter\tests\visual\common\ghkerkin.ts:23:8)
        at C:\Users\gregg\development\smart-filter\tests\visual\smartFilter\suggestions.spec.ts:50:13

    attachment #1: filter-bar-has-field-option-smartfilteraggrid-expected.png (image/png) ──────────
    tests\visual\smartFilter\suggestions.spec.ts-snapshots\filter-bar-has-field-option-smartfilteraggrid-chromium-win32.png
    ────────────────────────────────────────────────────────────────────────────────────────────────

    attachment #2: filter-bar-has-field-option-smartfilteraggrid-actual.png (image/png) ────────────
    test-results\smartFilter-suggestions-A--a94e1-s-clicked-smartfilteraggrid-chromium\filter-bar-has-field-option-smartfilteraggrid-actual.png
    ────────────────────────────────────────────────────────────────────────────────────────────────

    attachment #3: filter-bar-has-field-option-smartfilteraggrid-diff.png (image/png) ──────────────
    test-results\smartFilter-suggestions-A--a94e1-s-clicked-smartfilteraggrid-chromium\filter-bar-has-field-option-smartfilteraggrid-diff.png
    ────────────────────────────────────────────────────────────────────────────────────────────────
]]>
</failure>
<system-out>
<![CDATA[
[[ATTACHMENT|..\tests\visual\smartFilter\suggestions.spec.ts-snapshots\filter-bar-has-field-option-smartfilteraggrid-chromium-win32.png]]

[[ATTACHMENT|..\test-results\smartFilter-suggestions-A--a94e1-s-clicked-smartfilteraggrid-chromium\filter-bar-has-field-option-smartfilteraggrid-actual.png]]

[[ATTACHMENT|..\test-results\smartFilter-suggestions-A--a94e1-s-clicked-smartfilteraggrid-chromium\filter-bar-has-field-option-smartfilteraggrid-diff.png]]
]]>
</system-out>
</testcase>
<testcase name="A pill is created when a sort option is clicked-smartfilteraggrid" classname="smartFilter\suggestions.spec.ts" time="4.657">
</testcase>
<testcase name="Brackets pills are created when brackets are selected-smartfilteraggrid" classname="smartFilter\suggestions.spec.ts" time="4.344">
</testcase>
<testcase name="Suggestions change when a pill is selected-smartfilteraggrid" classname="smartFilter\suggestions.spec.ts" time="7.025">
</testcase>
<testcase name="Selecting an operator applies the operator to the pill-smartfilteraggrid" classname="smartFilter\suggestions.spec.ts" time="4.886">
</testcase>
<testcase name="Selecting empty removes the pills value-smartfilteraggrid" classname="smartFilter\suggestions.spec.ts" time="4.744">
</testcase>
<testcase name="Selecting list turns the pills into a list-smartfilteraggrid" classname="smartFilter\suggestions.spec.ts" time="5.162">
</testcase>
<testcase name="Selecting range turns the pills into a range-smartfilteraggrid" classname="smartFilter\suggestions.spec.ts" time="5.076">
<failure message="suggestions.spec.ts:234:3 Selecting range turns the pills into a range-smartfilteraggrid" type="FAILURE">
<![CDATA[  [chromium] › smartFilter\suggestions.spec.ts:234:3 › Selecting range turns the pills into a range-smartfilteraggrid › Then the pills is transformed into a range 

    Error: expect(locator).toHaveScreenshot(expected)

      448 pixels (ratio 0.02 of all image pixels) are different.

    Expected: C:\Users\gregg\development\smart-filter\tests\visual\smartFilter\suggestions.spec.ts-snapshots\pill-is-a-range-smartfilteraggrid-chromium-win32.png
    Received: C:\Users\gregg\development\smart-filter\test-results\smartFilter-suggestions-Se-6aca4-o-a-range-smartfilteraggrid-chromium\pill-is-a-range-smartfilteraggrid-actual.png
        Diff: C:\Users\gregg\development\smart-filter\test-results\smartFilter-suggestions-Se-6aca4-o-a-range-smartfilteraggrid-chromium\pill-is-a-range-smartfilteraggrid-diff.png

    Call log:
      - expect.toHaveScreenshot(pill-is-a-range-smartfilteraggrid.png) with timeout 5000ms
        - verifying given screenshot expectation
      - waiting for locator('#sf-filter-bar')
        - locator resolved to <div tabindex="0" id="sf-filter-bar" class="_searchBar_kp0r0_1 _normal_kp0r0_48 _font-normal_kp0r0_58">…</div>
      - taking element screenshot
        - disabled all CSS animations
      - waiting for fonts to load...
      - fonts loaded
      - attempting scroll into view action
        - waiting for element to be stable
      - 448 pixels (ratio 0.02 of all image pixels) are different.
      - waiting 100ms before taking screenshot
      - waiting for locator('#sf-filter-bar')
        - locator resolved to <div tabindex="0" id="sf-filter-bar" class="_searchBar_kp0r0_1 _normal_kp0r0_48 _font-normal_kp0r0_58">…</div>
      - taking element screenshot
        - disabled all CSS animations
      - waiting for fonts to load...
      - fonts loaded
      - attempting scroll into view action
        - waiting for element to be stable
      - captured a stable screenshot
      - 448 pixels (ratio 0.02 of all image pixels) are different.


      259 |
      260 |       await Then('the pills is transformed into a range', async () => {
    > 261 |         await expect(filterBar).toHaveScreenshot(`pill-is-a-range-${view}.png`);
          |                                 ^
      262 |       });
      263 |     }
      264 |   );
        at C:\Users\gregg\development\smart-filter\tests\visual\smartFilter\suggestions.spec.ts:261:33
        at Then (C:\Users\gregg\development\smart-filter\tests\visual\common\ghkerkin.ts:23:8)
        at C:\Users\gregg\development\smart-filter\tests\visual\smartFilter\suggestions.spec.ts:260:13

    attachment #1: pill-is-a-range-smartfilteraggrid-expected.png (image/png) ──────────────────────
    tests\visual\smartFilter\suggestions.spec.ts-snapshots\pill-is-a-range-smartfilteraggrid-chromium-win32.png
    ────────────────────────────────────────────────────────────────────────────────────────────────

    attachment #2: pill-is-a-range-smartfilteraggrid-actual.png (image/png) ────────────────────────
    test-results\smartFilter-suggestions-Se-6aca4-o-a-range-smartfilteraggrid-chromium\pill-is-a-range-smartfilteraggrid-actual.png
    ────────────────────────────────────────────────────────────────────────────────────────────────

    attachment #3: pill-is-a-range-smartfilteraggrid-diff.png (image/png) ──────────────────────────
    test-results\smartFilter-suggestions-Se-6aca4-o-a-range-smartfilteraggrid-chromium\pill-is-a-range-smartfilteraggrid-diff.png
    ────────────────────────────────────────────────────────────────────────────────────────────────
]]>
</failure>
<system-out>
<![CDATA[
[[ATTACHMENT|..\tests\visual\smartFilter\suggestions.spec.ts-snapshots\pill-is-a-range-smartfilteraggrid-chromium-win32.png]]

[[ATTACHMENT|..\test-results\smartFilter-suggestions-Se-6aca4-o-a-range-smartfilteraggrid-chromium\pill-is-a-range-smartfilteraggrid-actual.png]]

[[ATTACHMENT|..\test-results\smartFilter-suggestions-Se-6aca4-o-a-range-smartfilteraggrid-chromium\pill-is-a-range-smartfilteraggrid-diff.png]]
]]>
</system-out>
</testcase>
<testcase name="Selecting &apos;or&apos; adds the or operator-smartfilteraggrid" classname="smartFilter\suggestions.spec.ts" time="8.172">
<failure message="suggestions.spec.ts:266:3 Selecting &apos;or&apos; adds the or operator-smartfilteraggrid" type="FAILURE">
<![CDATA[  [chromium] › smartFilter\suggestions.spec.ts:266:3 › Selecting 'or' adds the or operator-smartfilteraggrid 

    Error: A snapshot doesn't exist at C:\Users\gregg\development\smart-filter\tests\visual\smartFilter\suggestions.spec.ts-snapshots\pill-has-or-operator-smartfilteraggrid-chromium-win32.png, writing actual.

      290 |
      291 |       await Then('the pills is transformed into a range', async () => {
    > 292 |         await expect(filterBar).toHaveScreenshot(`pill-has-or-operator-${view}.png`);
          |         ^
      293 |       });
      294 |     }
      295 |   );
        at C:\Users\gregg\development\smart-filter\tests\visual\smartFilter\suggestions.spec.ts:292:9
        at C:\Users\gregg\development\smart-filter\tests\visual\smartFilter\suggestions.spec.ts:291:7

    attachment #1: pill-has-or-operator-smartfilteraggrid-expected.png (image/png) ─────────────────
    tests\visual\smartFilter\suggestions.spec.ts-snapshots\pill-has-or-operator-smartfilteraggrid-chromium-win32.png
    ────────────────────────────────────────────────────────────────────────────────────────────────

    attachment #2: pill-has-or-operator-smartfilteraggrid-actual.png (image/png) ───────────────────
    test-results\smartFilter-suggestions-Se-9009c--operator-smartfilteraggrid-chromium\pill-has-or-operator-smartfilteraggrid-actual.png
    ────────────────────────────────────────────────────────────────────────────────────────────────
]]>
</failure>
<system-out>
<![CDATA[
[[ATTACHMENT|..\tests\visual\smartFilter\suggestions.spec.ts-snapshots\pill-has-or-operator-smartfilteraggrid-chromium-win32.png]]

[[ATTACHMENT|..\test-results\smartFilter-suggestions-Se-9009c--operator-smartfilteraggrid-chromium\pill-has-or-operator-smartfilteraggrid-actual.png]]
]]>
</system-out>
</testcase>
<testcase name="Selecting group shows all group hints-smartfilteraggrid" classname="smartFilter\suggestions.spec.ts" time="4.226">
</testcase>
<testcase name="Selecting a hint creates a pill-smartfilteraggrid" classname="smartFilter\suggestions.spec.ts" time="4.656">
</testcase>
</testsuite>
</testsuites>